<?xml version="1.0" encoding="UTF-8"?>
<!-- Generated by org.testng.reporters.JUnitReportReporter -->
<testsuite hostname="Ayush-Yadav" failures="0" tests="2" name="com.CRUDpackage.GetRequest" time="2.300" errors="0" timestamp="2024-05-23T13:35:55 IST" skipped="0">
  <testcase classname="com.CRUDpackage.GetRequest" name="getRegresListUsers" time="1.731"/>
  <system-out/>
  <testcase classname="com.CRUDpackage.GetRequest" name="postRegressRegisterSuccessful" time="0.569"/>
  <system-out/>
</testsuite> <!-- com.CRUDpackage.GetRequest -->
